<?xml version="1.0" encoding="UTF-8"?>
<!-- Generated by org.testng.reporters.JUnitReportReporter -->
<testsuite hostname="Magic-PC" name="cz.ds.stream.config.TestXmlConfigFactory" tests="3" failures="0" timestamp="27 Aug 2014 17:59:43 GMT" time="0,006" errors="0">
  <testcase name="testLoadConfigWithUnrestrictedPool" time="0,000" classname="cz.ds.stream.config.TestXmlConfigFactory"/>
  <testcase name="testLoadInnerBandwidth" time="0,003" classname="cz.ds.stream.config.TestXmlConfigFactory"/>
  <testcase name="testLoadBandwidthFromUnknownPool" time="0,003" classname="cz.ds.stream.config.TestXmlConfigFactory"/>
</testsuite>
