<?xml version="1.0" encoding="UTF-8"?>
<!-- Generated by org.testng.reporters.JUnitReportReporter -->
<testsuite hostname="Magic-PC" name="cz.ds.stream.TestThrottledInputStream" tests="1" failures="0" timestamp="27 Aug 2014 17:59:43 GMT" time="94,873" errors="0">
  <testcase name="testThrottling" time="94,873" classname="cz.ds.stream.TestThrottledInputStream"/>
</testsuite>
