<?xml version="1.0" encoding="UTF-8"?>
<!-- Generated by org.testng.reporters.JUnitReportReporter -->
<testsuite hostname="Magic-PC" name="cz.ds.stream.config.util.TestMeasureUnitType" tests="5" failures="0" timestamp="27 Aug 2014 17:59:43 GMT" time="0,002" errors="0">
  <testcase name="testMeasureUnitTypes" time="0,000" classname="cz.ds.stream.config.util.TestMeasureUnitType"/>
  <testcase name="testMeasureUnitTypes" time="0,001" classname="cz.ds.stream.config.util.TestMeasureUnitType"/>
  <testcase name="testMeasureUnitTypes" time="0,001" classname="cz.ds.stream.config.util.TestMeasureUnitType"/>
  <testcase name="testMeasureUnitTypes" time="0,000" classname="cz.ds.stream.config.util.TestMeasureUnitType"/>
  <testcase name="testMeasureUnitTypes" time="0,000" classname="cz.ds.stream.config.util.TestMeasureUnitType"/>
</testsuite>
