<?xml version="1.0" encoding="UTF-8"?>
<!-- Generated by org.testng.reporters.JUnitReportReporter -->
<testsuite hostname="Magic-PC" name="cz.ds.stream.config.jaxb.TestConfigMarshaller" tests="1" failures="0" timestamp="27 Aug 2014 17:59:43 GMT" time="0,017" errors="0">
  <testcase name="testXmlConfigMarshaller" time="0,017" classname="cz.ds.stream.config.jaxb.TestConfigMarshaller"/>
</testsuite>
